{"/Users/yanyan/item/personal-project/Test-Drived-Develop/mobile_car/consts/index.js": {"path":"/Users/yanyan/item/personal-project/Test-Drived-Develop/mobile_car/consts/index.js","statementMap":{"0":{"start":{"line":2,"column":0},"end":{"line":7,"column":1}}},"fnMap":{},"branchMap":{},"s":{"0":1},"f":{},"b":{},"_coverageSchema":"1a1c01bbd47fc00a2c39e90264f33305004495a9","hash":"46136c2dcb97a8e4bea8d0542a352e6bbb34ecf9"}
,"/Users/yanyan/item/personal-project/Test-Drived-Develop/mobile_car/src/calc.js": {"path":"/Users/yanyan/item/personal-project/Test-Drived-Develop/mobile_car/src/calc.js","statementMap":{"0":{"start":{"line":2,"column":2},"end":{"line":2,"column":15}},"1":{"start":{"line":4,"column":0},"end":{"line":4,"column":21}}},"fnMap":{"0":{"name":"sum","decl":{"start":{"line":1,"column":9},"end":{"line":1,"column":12}},"loc":{"start":{"line":1,"column":19},"end":{"line":3,"column":1}},"line":1}},"branchMap":{},"s":{"0":1,"1":1},"f":{"0":1},"b":{},"_coverageSchema":"1a1c01bbd47fc00a2c39e90264f33305004495a9","hash":"ef9df09299ecdfec6a0f13edcd4fb0dd535efaa2"}
,"/Users/yanyan/item/personal-project/Test-Drived-Develop/mobile_car/src/car.js": {"path":"/Users/yanyan/item/personal-project/Test-Drived-Develop/mobile_car/src/car.js","statementMap":{"0":{"start":{"line":1,"column":22},"end":{"line":1,"column":42}},"1":{"start":{"line":2,"column":28},"end":{"line":2,"column":47}},"2":{"start":{"line":6,"column":4},"end":{"line":6,"column":29}},"3":{"start":{"line":7,"column":4},"end":{"line":7,"column":31}},"4":{"start":{"line":10,"column":4},"end":{"line":14,"column":5}},"5":{"start":{"line":17,"column":4},"end":{"line":17,"column":51}},"6":{"start":{"line":20,"column":4},"end":{"line":20,"column":52}},"7":{"start":{"line":23,"column":16},"end":{"line":23,"column":44}},"8":{"start":{"line":24,"column":4},"end":{"line":24,"column":72}},"9":{"start":{"line":31,"column":14},"end":{"line":48,"column":5}},"10":{"start":{"line":49,"column":4},"end":{"line":49,"column":19}},"11":{"start":{"line":53,"column":14},"end":{"line":70,"column":5}},"12":{"start":{"line":71,"column":4},"end":{"line":71,"column":18}},"13":{"start":{"line":74,"column":0},"end":{"line":74,"column":21}}},"fnMap":{"0":{"name":"(anonymous_0)","decl":{"start":{"line":5,"column":2},"end":{"line":5,"column":3}},"loc":{"start":{"line":5,"column":35},"end":{"line":8,"column":3}},"line":5},"1":{"name":"(anonymous_1)","decl":{"start":{"line":9,"column":2},"end":{"line":9,"column":3}},"loc":{"start":{"line":9,"column":13},"end":{"line":15,"column":3}},"line":9},"2":{"name":"(anonymous_2)","decl":{"start":{"line":16,"column":2},"end":{"line":16,"column":3}},"loc":{"start":{"line":16,"column":13},"end":{"line":18,"column":3}},"line":16},"3":{"name":"(anonymous_3)","decl":{"start":{"line":19,"column":2},"end":{"line":19,"column":3}},"loc":{"start":{"line":19,"column":14},"end":{"line":21,"column":3}},"line":19},"4":{"name":"(anonymous_4)","decl":{"start":{"line":22,"column":2},"end":{"line":22,"column":3}},"loc":{"start":{"line":22,"column":12},"end":{"line":25,"column":3}},"line":22},"5":{"name":"(anonymous_5)","decl":{"start":{"line":26,"column":2},"end":{"line":26,"column":3}},"loc":{"start":{"line":26,"column":12},"end":{"line":50,"column":3}},"line":26},"6":{"name":"(anonymous_6)","decl":{"start":{"line":51,"column":2},"end":{"line":51,"column":3}},"loc":{"start":{"line":51,"column":9},"end":{"line":72,"column":3}},"line":51}},"branchMap":{},"s":{"0":1,"1":1,"2":17,"3":17,"4":17,"5":4,"6":4,"7":8,"8":8,"9":4,"10":4,"11":4,"12":4,"13":1},"f":{"0":17,"1":17,"2":4,"3":4,"4":8,"5":4,"6":4},"b":{},"_coverageSchema":"1a1c01bbd47fc00a2c39e90264f33305004495a9","hash":"52e82e6f9d02d6be44f99b02300f4273c7896249"}
,"/Users/yanyan/item/personal-project/Test-Drived-Develop/mobile_car/src/position.js": {"path":"/Users/yanyan/item/personal-project/Test-Drived-Develop/mobile_car/src/position.js","statementMap":{"0":{"start":{"line":4,"column":4},"end":{"line":4,"column":15}},"1":{"start":{"line":5,"column":4},"end":{"line":5,"column":15}},"2":{"start":{"line":9,"column":0},"end":{"line":9,"column":25}}},"fnMap":{"0":{"name":"(anonymous_0)","decl":{"start":{"line":3,"column":2},"end":{"line":3,"column":3}},"loc":{"start":{"line":3,"column":20},"end":{"line":6,"column":3}},"line":3}},"branchMap":{},"s":{"0":17,"1":17,"2":1},"f":{"0":17},"b":{},"_coverageSchema":"1a1c01bbd47fc00a2c39e90264f33305004495a9","hash":"1a1a01d1eb3758c3461b8f8388d1f6bfa05191a8"}
,"/Users/yanyan/item/personal-project/Test-Drived-Develop/mobile_car/utils/index.js": {"path":"/Users/yanyan/item/personal-project/Test-Drived-Develop/mobile_car/utils/index.js","statementMap":{"0":{"start":{"line":1,"column":22},"end":{"line":1,"column":42}},"1":{"start":{"line":3,"column":12},"end":{"line":20,"column":1}},"2":{"start":{"line":21,"column":0},"end":{"line":23,"column":1}},"3":{"start":{"line":22,"column":2},"end":{"line":22,"column":28}},"4":{"start":{"line":25,"column":0},"end":{"line":27,"column":1}},"5":{"start":{"line":26,"column":2},"end":{"line":26,"column":29}}},"fnMap":{"0":{"name":"(anonymous_0)","decl":{"start":{"line":21,"column":17},"end":{"line":21,"column":18}},"loc":{"start":{"line":21,"column":30},"end":{"line":23,"column":1}},"line":21},"1":{"name":"(anonymous_1)","decl":{"start":{"line":25,"column":18},"end":{"line":25,"column":19}},"loc":{"start":{"line":25,"column":31},"end":{"line":27,"column":1}},"line":25}},"branchMap":{},"s":{"0":1,"1":1,"2":1,"3":4,"4":1,"5":4},"f":{"0":4,"1":4},"b":{},"_coverageSchema":"1a1c01bbd47fc00a2c39e90264f33305004495a9","hash":"584d500c9e653fbff640e190a833ae53c8f706a3"}
}
