TN:
SF:consts/index.js
FNF:0
FNH:0
DA:2,1
LF:1
LH:1
BRF:0
BRH:0
end_of_record
TN:
SF:src/calc.js
FN:1,sum
FNF:1
FNH:1
FNDA:1,sum
DA:2,1
DA:4,1
LF:2
LH:2
BRF:0
BRH:0
end_of_record
TN:
SF:src/car.js
FN:5,(anonymous_0)
FN:9,(anonymous_1)
FN:16,(anonymous_2)
FN:19,(anonymous_3)
FN:22,(anonymous_4)
FN:26,(anonymous_5)
FN:51,(anonymous_6)
FNF:7
FNH:7
FNDA:17,(anonymous_0)
FNDA:17,(anonymous_1)
FNDA:4,(anonymous_2)
FNDA:4,(anonymous_3)
FNDA:8,(anonymous_4)
FNDA:4,(anonymous_5)
FNDA:4,(anonymous_6)
DA:1,1
DA:2,1
DA:6,17
DA:7,17
DA:10,17
DA:17,4
DA:20,4
DA:23,8
DA:24,8
DA:31,4
DA:49,4
DA:53,4
DA:71,4
DA:74,1
LF:14
LH:14
BRF:0
BRH:0
end_of_record
TN:
SF:src/position.js
FN:3,(anonymous_0)
FNF:1
FNH:1
FNDA:17,(anonymous_0)
DA:4,17
DA:5,17
DA:9,1
LF:3
LH:3
BRF:0
BRH:0
end_of_record
TN:
SF:utils/index.js
FN:21,(anonymous_0)
FN:25,(anonymous_1)
FNF:2
FNH:2
FNDA:4,(anonymous_0)
FNDA:4,(anonymous_1)
DA:1,1
DA:3,1
DA:21,1
DA:22,4
DA:25,1
DA:26,4
LF:6
LH:6
BRF:0
BRH:0
end_of_record
